
> hospital-dashboard@0.1.0 dev
> next dev

▲ Next.js 16.1.6 (Turbopack)
- Local:         http://localhost:3000
- Network:       http://172.21.96.1:3000
- Environments: .env

✓ Starting...
Creating turbopack project { dir: 'E:\\downloads all\\Medi', testMode: true }
○ Compiling proxy ...
✓ Ready in 29s
○ Compiling /login ...
 GET /login?callbackUrl=%2F 200 in 11.8s (compile: 11.6s, proxy.ts: 6ms, render: 155ms)
 GET /login?callbackUrl=%2F 200 in 39ms (compile: 4ms, proxy.ts: 4ms, render: 32ms)
○ Compiling / ...
 GET /login 200 in 9.9s (compile: 9.6s, proxy.ts: 12ms, render: 278ms)
 GET / 200 in 20.8s (compile: 20.6s, proxy.ts: 5ms, render: 231ms)
○ Compiling /api/branches ...
 GET /api/branches 200 in 12.6s (compile: 5.9s, proxy.ts: 7ms, render: 6.6s)
 GET /api/dashboard 200 in 13.2s (compile: 8.9s, proxy.ts: 10ms, render: 4.4s)
 GET /api/products 200 in 13.6s (compile: 10.1s, proxy.ts: 10ms, render: 3.5s)
✓ Finished writing to filesystem cache in 10.5s
 GET /api/auth/session 200 in 17.6s (compile: 17.5s, proxy.ts: 8ms, render: 15ms)
 GET /api/auth/session 200 in 29ms (compile: 13ms, proxy.ts: 4ms, render: 12ms)
 GET /api/branches 200 in 23ms (compile: 6ms, proxy.ts: 9ms, render: 8ms)
 GET /api/auth/session 200 in 30ms (compile: 7ms, proxy.ts: 10ms, render: 12ms)
○ Compiling /stock ...
 GET /stock 200 in 4.5s (compile: 4.5s, proxy.ts: 4ms, render: 23ms)
 GET /api/products 200 in 427ms (compile: 4ms, proxy.ts: 8ms, render: 415ms)
 GET /api/products 200 in 297ms (compile: 3ms, proxy.ts: 6ms, render: 289ms)
 GET /api/batches 404 in 3.1s (compile: 3.1s, proxy.ts: 9ms, render: 69ms)
 GET /api/batches 404 in 66ms (compile: 19ms, proxy.ts: 3ms, render: 44ms)
 GET / 200 in 25ms (compile: 5ms, proxy.ts: 5ms, render: 16ms)
 GET /api/dashboard 200 in 24ms (compile: 7ms, proxy.ts: 6ms, render: 12ms)
 GET /api/dashboard 200 in 15ms (compile: 2ms, proxy.ts: 3ms, render: 10ms)
 GET /api/products 200 in 219ms (compile: 3ms, proxy.ts: 7ms, render: 208ms)
 GET /api/products 200 in 234ms (compile: 10ms, proxy.ts: 10ms, render: 214ms)
 GET /stock 200 in 22ms (compile: 4ms, proxy.ts: 5ms, render: 14ms)
 GET /api/batches 404 in 109ms (compile: 15ms, proxy.ts: 7ms, render: 87ms)
 GET /api/batches 404 in 53ms (compile: 7ms, proxy.ts: 4ms, render: 43ms)
 GET /api/products 200 in 272ms (compile: 4ms, proxy.ts: 10ms, render: 258ms)
 GET /api/products 200 in 220ms (compile: 2ms, proxy.ts: 5ms, render: 212ms)
 GET /login?callbackUrl=%2F 200 in 403ms (compile: 329ms, proxy.ts: 4ms, render: 70ms)
 GET / 200 in 18ms (compile: 4ms, proxy.ts: 3ms, render: 11ms)
 GET /api/dashboard 200 in 39ms (compile: 3ms, proxy.ts: 7ms, render: 29ms)
 GET /api/dashboard 200 in 15ms (compile: 2ms, proxy.ts: 3ms, render: 10ms)
 GET /api/products 200 in 203ms (compile: 6ms, proxy.ts: 6ms, render: 191ms)
 GET /api/products 200 in 215ms (compile: 2ms, proxy.ts: 4ms, render: 209ms)
○ Compiling /products ...
 GET /products 200 in 5.3s (compile: 5.3s, proxy.ts: 6ms, render: 19ms)
 GET /api/products 200 in 223ms (compile: 7ms, proxy.ts: 11ms, render: 205ms)
 GET /api/products 200 in 235ms (compile: 2ms, proxy.ts: 3ms, render: 230ms)
 GET /sales 200 in 689ms (compile: 663ms, proxy.ts: 5ms, render: 21ms)
 GET /api/products 200 in 281ms (compile: 3ms, proxy.ts: 21ms, render: 256ms)
 GET /api/sales 200 in 386ms (compile: 347ms, proxy.ts: 10ms, render: 29ms)
 GET /api/sales 200 in 43ms (compile: 2ms, proxy.ts: 5ms, render: 35ms)
 GET /api/products 200 in 242ms (compile: 3ms, proxy.ts: 14ms, render: 225ms)
 GET / 200 in 22ms (compile: 3ms, proxy.ts: 4ms, render: 14ms)
 GET /api/dashboard 200 in 33ms (compile: 7ms, proxy.ts: 10ms, render: 16ms)
 GET /api/dashboard 200 in 21ms (compile: 3ms, proxy.ts: 5ms, render: 14ms)
 GET /api/products 200 in 231ms (compile: 3ms, proxy.ts: 10ms, render: 217ms)
 GET /api/products 200 in 259ms (compile: 3ms, proxy.ts: 27ms, render: 229ms)
 GET /api/auth/session 200 in 47ms (compile: 16ms, proxy.ts: 4ms, render: 26ms)
 GET /stock 200 in 21ms (compile: 3ms, proxy.ts: 4ms, render: 14ms)
 GET /api/batches 404 in 130ms (compile: 14ms, proxy.ts: 14ms, render: 101ms)
 GET /api/batches 404 in 66ms (compile: 18ms, proxy.ts: 3ms, render: 44ms)
 GET /api/products 200 in 279ms (compile: 7ms, proxy.ts: 12ms, render: 260ms)
 GET /api/products 200 in 244ms (compile: 2ms, proxy.ts: 3ms, render: 239ms)
 GET / 200 in 24ms (compile: 5ms, proxy.ts: 5ms, render: 14ms)
 GET /api/dashboard 200 in 57ms (compile: 11ms, proxy.ts: 15ms, render: 32ms)
 GET /api/dashboard 200 in 64ms (compile: 8ms, proxy.ts: 8ms, render: 48ms)
 GET /api/products 200 in 331ms (compile: 21ms, proxy.ts: 13ms, render: 297ms)
 GET /api/products 200 in 224ms (compile: 2ms, proxy.ts: 7ms, render: 215ms)
 GET /api/auth/session 200 in 31ms (compile: 15ms, proxy.ts: 4ms, render: 12ms)
 GET /api/auth/csrf 200 in 40ms (compile: 9ms, proxy.ts: 3ms, render: 28ms)
 POST /api/auth/signout 200 in 29ms (compile: 5ms, proxy.ts: 4ms, render: 19ms)
 GET /login 200 in 52ms (compile: 5ms, proxy.ts: 6ms, render: 41ms)
 GET /api/auth/session 200 in 43ms (compile: 9ms, proxy.ts: 22ms, render: 13ms)
 GET /api/auth/providers 200 in 51ms (compile: 13ms, proxy.ts: 4ms, render: 34ms)
 GET /api/auth/csrf 200 in 44ms (compile: 4ms, proxy.ts: 5ms, render: 34ms)
 POST /api/auth/callback/credentials 200 in 99ms (compile: 5ms, proxy.ts: 4ms, render: 91ms)
 GET /api/auth/session 200 in 18ms (compile: 5ms, proxy.ts: 5ms, render: 9ms)
 GET / 200 in 61ms (compile: 4ms, proxy.ts: 4ms, render: 53ms)
 GET /api/branches 200 in 65ms (compile: 26ms, proxy.ts: 21ms, render: 18ms)
 GET /api/auth/session 200 in 85ms (compile: 59ms, proxy.ts: 14ms, render: 12ms)
 GET /api/dashboard 200 in 87ms (compile: 11ms, proxy.ts: 40ms, render: 37ms)
 GET /api/branches 200 in 11ms (compile: 2ms, proxy.ts: 4ms, render: 4ms)
 GET /api/products 200 in 300ms (compile: 16ms, proxy.ts: 39ms, render: 244ms)
 GET /products 200 in 22ms (compile: 4ms, proxy.ts: 4ms, render: 15ms)
 GET /api/products 200 in 257ms (compile: 4ms, proxy.ts: 8ms, render: 244ms)
 GET /api/products 200 in 250ms (compile: 3ms, proxy.ts: 8ms, render: 239ms)
 GET /sales 200 in 29ms (compile: 5ms, proxy.ts: 6ms, render: 18ms)
 GET /api/sales 200 in 42ms (compile: 11ms, proxy.ts: 13ms, render: 17ms)
 GET /api/sales 200 in 53ms (compile: 2ms, proxy.ts: 14ms, render: 37ms)
 GET /api/products 200 in 293ms (compile: 6ms, proxy.ts: 13ms, render: 274ms)
 GET /api/products 200 in 231ms (compile: 2ms, proxy.ts: 4ms, render: 225ms)
 GET /login?callbackUrl=%2F 200 in 42ms (compile: 4ms, proxy.ts: 4ms, render: 34ms)
[?25h
