
> hospital-dashboard@0.1.0 dev
> next dev --webpack

▲ Next.js 16.1.6 (webpack)
- Local:         http://localhost:3000
- Network:       http://172.21.96.1:3000
- Environments: .env

✓ Starting...
✓ Ready in 8.4s
○ Compiling / ...
 GET / 200 in 10.1s (compile: 9.8s, proxy.ts: 8ms, render: 339ms)
○ Compiling /api/auth/[...nextauth] ...
 GET /api/branches 200 in 4.8s (compile: 4.6s, proxy.ts: 104ms, render: 90ms)
 GET /api/dashboard 200 in 5.0s (compile: 4.6s, proxy.ts: 104ms, render: 278ms)
 GET /api/products 200 in 5.0s (compile: 4.6s, proxy.ts: 105ms, render: 354ms)
 GET / 200 in 411ms (compile: 133ms, proxy.ts: 16ms, render: 261ms)
 GET /api/auth/session 200 in 5.6s (compile: 5.4s, proxy.ts: 100ms, render: 36ms)
 GET /login?callbackUrl=%2F 200 in 1060ms (compile: 624ms, proxy.ts: 302ms, render: 134ms)
 GET /api/branches 200 in 51ms (compile: 16ms, proxy.ts: 28ms, render: 7ms)
 GET /purchases 200 in 767ms (compile: 724ms, proxy.ts: 6ms, render: 37ms)
 GET /api/products 200 in 309ms (compile: 75ms, proxy.ts: 23ms, render: 210ms)
 GET /api/products/aliases 200 in 989ms (compile: 942ms, proxy.ts: 24ms, render: 23ms)
 GET /api/suppliers 200 in 993ms (compile: 944ms, proxy.ts: 23ms, render: 26ms)
 GET /api/purchases 200 in 1070ms (compile: 942ms, proxy.ts: 24ms, render: 104ms)
 GET /api/products/aliases 200 in 76ms (compile: 4ms, proxy.ts: 57ms, render: 14ms)
 GET /api/suppliers 200 in 78ms (compile: 8ms, proxy.ts: 58ms, render: 12ms)
 GET /api/purchases 200 in 18ms (compile: 4ms, proxy.ts: 6ms, render: 7ms)
 GET /api/products 200 in 352ms (compile: 42ms, proxy.ts: 100ms, render: 211ms)
 GET / 200 in 87ms (compile: 53ms, proxy.ts: 5ms, render: 28ms)
 GET /api/dashboard 200 in 48ms (compile: 7ms, proxy.ts: 6ms, render: 34ms)
 GET /api/dashboard 200 in 16ms (compile: 4ms, proxy.ts: 5ms, render: 7ms)
 GET /api/products 200 in 220ms (compile: 12ms, proxy.ts: 7ms, render: 202ms)
 GET /api/products 200 in 216ms (compile: 2ms, proxy.ts: 6ms, render: 207ms)
 GET /api/auth/session 200 in 61ms (compile: 18ms, proxy.ts: 8ms, render: 35ms)
 GET /api/auth/csrf 200 in 39ms (compile: 9ms, proxy.ts: 4ms, render: 25ms)
 POST /api/auth/signout 200 in 46ms (compile: 5ms, proxy.ts: 7ms, render: 35ms)
 GET /login 200 in 170ms (compile: 10ms, proxy.ts: 5ms, render: 156ms)
 GET /api/auth/session 200 in 97ms (compile: 60ms, proxy.ts: 5ms, render: 32ms)
 GET /api/auth/session 200 in 38ms (compile: 11ms, proxy.ts: 7ms, render: 21ms)
 GET /api/auth/providers 200 in 46ms (compile: 15ms, proxy.ts: 11ms, render: 19ms)
 GET /api/auth/csrf 200 in 22ms (compile: 7ms, proxy.ts: 6ms, render: 9ms)
 POST /api/auth/callback/credentials 200 in 70ms (compile: 6ms, proxy.ts: 6ms, render: 59ms)
 GET /api/auth/session 200 in 48ms (compile: 7ms, proxy.ts: 6ms, render: 35ms)
 GET / 200 in 101ms (compile: 6ms, proxy.ts: 7ms, render: 89ms)
 GET /api/branches 200 in 35ms (compile: 11ms, proxy.ts: 11ms, render: 13ms)
 GET /api/dashboard 200 in 67ms (compile: 16ms, proxy.ts: 24ms, render: 27ms)
 GET /api/auth/session 200 in 70ms (compile: 42ms, proxy.ts: 13ms, render: 16ms)
 GET /api/branches 200 in 16ms (compile: 3ms, proxy.ts: 7ms, render: 6ms)
 GET /api/products 200 in 309ms (compile: 19ms, proxy.ts: 25ms, render: 264ms)
 GET /products 200 in 1802ms (compile: 1738ms, proxy.ts: 6ms, render: 58ms)
 GET /api/products 200 in 384ms (compile: 97ms, proxy.ts: 17ms, render: 270ms)
 GET /api/products 200 in 267ms (compile: 4ms, proxy.ts: 7ms, render: 256ms)
 PATCH /api/products/3394 200 in 3.0s (compile: 1854ms, proxy.ts: 17ms, render: 1169ms)
 GET /products 200 in 107ms (compile: 58ms, proxy.ts: 6ms, render: 42ms)
 GET /products 200 in 36ms (compile: 4ms, proxy.ts: 8ms, render: 24ms)
 GET /products 200 in 30ms (compile: 3ms, proxy.ts: 9ms, render: 17ms)
 GET /api/products 200 in 264ms (compile: 9ms, proxy.ts: 10ms, render: 245ms)
 GET /api/products 200 in 265ms (compile: 3ms, proxy.ts: 8ms, render: 254ms)
 GET /sales 200 in 913ms (compile: 869ms, proxy.ts: 10ms, render: 34ms)
 GET /api/products 200 in 436ms (compile: 54ms, proxy.ts: 14ms, render: 368ms)
 GET /api/sales 200 in 1604ms (compile: 1563ms, proxy.ts: 15ms, render: 26ms)
 GET /api/sales 200 in 61ms (compile: 5ms, proxy.ts: 21ms, render: 35ms)
 GET /api/products 200 in 337ms (compile: 13ms, proxy.ts: 104ms, render: 221ms)
 GET /purchases 200 in 83ms (compile: 46ms, proxy.ts: 9ms, render: 29ms)
 GET /api/products 200 in 343ms (compile: 21ms, proxy.ts: 11ms, render: 311ms)
 GET /api/purchases 200 in 1454ms (compile: 1411ms, proxy.ts: 13ms, render: 29ms)
 GET /api/products/aliases 200 in 1463ms (compile: 1412ms, proxy.ts: 12ms, render: 39ms)
 GET /api/suppliers 200 in 1466ms (compile: 1415ms, proxy.ts: 10ms, render: 41ms)
 GET /api/purchases 200 in 77ms (compile: 45ms, proxy.ts: 21ms, render: 10ms)
 GET /api/products/aliases 200 in 79ms (compile: 8ms, proxy.ts: 61ms, render: 10ms)
 GET /api/suppliers 200 in 84ms (compile: 12ms, proxy.ts: 62ms, render: 10ms)
 GET /api/products 200 in 382ms (compile: 34ms, proxy.ts: 102ms, render: 247ms)
 GET /stock 200 in 1015ms (compile: 973ms, proxy.ts: 6ms, render: 36ms)
 GET /api/products 200 in 300ms (compile: 39ms, proxy.ts: 10ms, render: 251ms)
 GET /api/batches 404 in 1881ms (compile: 1677ms, proxy.ts: 10ms, render: 194ms)
 GET /api/batches 404 in 76ms (compile: 10ms, proxy.ts: 18ms, render: 48ms)
 GET /api/products 200 in 1779ms (compile: 239ms, proxy.ts: 1315ms, render: 226ms)
 GET /finance 200 in 1423ms (compile: 1360ms, proxy.ts: 15ms, render: 48ms)
 GET /api/finance 200 in 807ms (compile: 777ms, proxy.ts: 10ms, render: 21ms)
 GET /api/finance 200 in 20ms (compile: 3ms, proxy.ts: 6ms, render: 11ms)
○ Compiling /reports ...
 GET /reports 200 in 5.3s (compile: 5.2s, proxy.ts: 7ms, render: 49ms)
 GET /api/batches 404 in 331ms (compile: 114ms, proxy.ts: 20ms, render: 197ms)
 GET /api/products 200 in 568ms (compile: 90ms, proxy.ts: 19ms, render: 460ms)
 GET /api/reports 200 in 1913ms (compile: 1864ms, proxy.ts: 19ms, render: 29ms)
 GET /api/batches 404 in 295ms (compile: 83ms, proxy.ts: 74ms, render: 139ms)
 GET /api/reports 200 in 231ms (compile: 107ms, proxy.ts: 111ms, render: 13ms)
 GET /api/products 200 in 508ms (compile: 45ms, proxy.ts: 74ms, render: 389ms)
 GET /suppliers 200 in 1240ms (compile: 1186ms, proxy.ts: 6ms, render: 48ms)
 GET /api/suppliers 200 in 711ms (compile: 685ms, proxy.ts: 9ms, render: 16ms)
 GET /api/suppliers 200 in 22ms (compile: 4ms, proxy.ts: 10ms, render: 8ms)
 GET /invoices 200 in 1227ms (compile: 1174ms, proxy.ts: 5ms, render: 48ms)
 GET /api/invoices 200 in 877ms (compile: 832ms, proxy.ts: 11ms, render: 35ms)
 GET /api/invoices 200 in 35ms (compile: 3ms, proxy.ts: 12ms, render: 19ms)
 GET /api/auth/csrf 200 in 1040ms (compile: 1006ms, proxy.ts: 6ms, render: 28ms)
 POST /api/auth/signout 200 in 47ms (compile: 9ms, proxy.ts: 6ms, render: 32ms)
 GET /login 200 in 1259ms (compile: 1084ms, proxy.ts: 6ms, render: 168ms)
 GET /api/auth/session 200 in 80ms (compile: 44ms, proxy.ts: 10ms, render: 26ms)
 GET /api/auth/providers 200 in 44ms (compile: 19ms, proxy.ts: 15ms, render: 11ms)
 GET /api/auth/csrf 200 in 31ms (compile: 8ms, proxy.ts: 7ms, render: 15ms)
 POST /api/auth/callback/credentials 401 in 33ms (compile: 9ms, proxy.ts: 6ms, render: 18ms)
 GET /api/auth/providers 200 in 59ms (compile: 16ms, proxy.ts: 9ms, render: 34ms)
 GET /api/auth/csrf 200 in 41ms (compile: 11ms, proxy.ts: 6ms, render: 24ms)
 POST /api/auth/callback/credentials 401 in 42ms (compile: 7ms, proxy.ts: 6ms, render: 29ms)
 GET /api/auth/providers 200 in 46ms (compile: 14ms, proxy.ts: 6ms, render: 25ms)
 GET /api/auth/csrf 200 in 39ms (compile: 5ms, proxy.ts: 7ms, render: 28ms)
 POST /api/auth/callback/credentials 401 in 44ms (compile: 7ms, proxy.ts: 5ms, render: 32ms)
 GET /api/auth/providers 200 in 55ms (compile: 12ms, proxy.ts: 7ms, render: 36ms)
 GET /api/auth/csrf 200 in 23ms (compile: 10ms, proxy.ts: 5ms, render: 8ms)
 POST /api/auth/callback/credentials 401 in 47ms (compile: 5ms, proxy.ts: 6ms, render: 36ms)
 GET /api/auth/providers 200 in 45ms (compile: 7ms, proxy.ts: 7ms, render: 31ms)
 GET /api/auth/csrf 200 in 41ms (compile: 8ms, proxy.ts: 9ms, render: 25ms)
 POST /api/auth/callback/credentials 401 in 32ms (compile: 15ms, proxy.ts: 7ms, render: 11ms)
 GET /api/auth/providers 200 in 45ms (compile: 11ms, proxy.ts: 7ms, render: 27ms)
 GET /api/auth/csrf 200 in 44ms (compile: 6ms, proxy.ts: 7ms, render: 30ms)
 POST /api/auth/callback/credentials 200 in 75ms (compile: 6ms, proxy.ts: 6ms, render: 64ms)
 GET /api/auth/session 200 in 40ms (compile: 9ms, proxy.ts: 6ms, render: 25ms)
 GET /sales 200 in 1276ms (compile: 1027ms, proxy.ts: 9ms, render: 241ms)
 GET /api/auth/session 200 in 124ms (compile: 69ms, proxy.ts: 30ms, render: 25ms)
 GET /api/sales 200 in 1633ms (compile: 1559ms, proxy.ts: 41ms, render: 34ms)
 GET /api/sales 200 in 49ms (compile: 4ms, proxy.ts: 6ms, render: 40ms)
 GET /api/products 200 in 1860ms (compile: 1569ms, proxy.ts: 31ms, render: 260ms)
 GET /api/products 200 in 283ms (compile: 6ms, proxy.ts: 8ms, render: 268ms)
 GET /invoices 200 in 62ms (compile: 30ms, proxy.ts: 7ms, render: 25ms)
 GET /api/invoices 200 in 31ms (compile: 6ms, proxy.ts: 6ms, render: 19ms)
 GET /api/invoices 200 in 41ms (compile: 2ms, proxy.ts: 5ms, render: 34ms)
 GET /api/auth/csrf 200 in 47ms (compile: 16ms, proxy.ts: 5ms, render: 26ms)
 POST /api/auth/signout 200 in 44ms (compile: 5ms, proxy.ts: 5ms, render: 34ms)
 GET /login 200 in 110ms (compile: 11ms, proxy.ts: 8ms, render: 91ms)
 GET /api/auth/session 200 in 40ms (compile: 5ms, proxy.ts: 9ms, render: 26ms)
 GET /api/auth/providers 200 in 52ms (compile: 12ms, proxy.ts: 7ms, render: 33ms)
 GET /api/auth/csrf 200 in 40ms (compile: 6ms, proxy.ts: 7ms, render: 26ms)
 POST /api/auth/callback/credentials 401 in 79ms (compile: 5ms, proxy.ts: 6ms, render: 68ms)
 GET /api/auth/providers 200 in 57ms (compile: 13ms, proxy.ts: 7ms, render: 37ms)
 GET /api/auth/csrf 200 in 43ms (compile: 6ms, proxy.ts: 5ms, render: 32ms)
 POST /api/auth/callback/credentials 401 in 81ms (compile: 5ms, proxy.ts: 7ms, render: 68ms)
 GET /login?callbackUrl=%2Finvoices 200 in 62ms (compile: 4ms, proxy.ts: 7ms, render: 51ms)
 GET /api/auth/session 200 in 68ms (compile: 17ms, proxy.ts: 6ms, render: 45ms)
 GET /api/auth/providers 200 in 55ms (compile: 14ms, proxy.ts: 6ms, render: 34ms)
 GET /api/auth/csrf 200 in 41ms (compile: 7ms, proxy.ts: 6ms, render: 28ms)
 POST /api/auth/callback/credentials 200 in 87ms (compile: 6ms, proxy.ts: 7ms, render: 73ms)
 GET /api/auth/session 200 in 50ms (compile: 4ms, proxy.ts: 6ms, render: 40ms)
 GET /invoices 200 in 95ms (compile: 3ms, proxy.ts: 6ms, render: 85ms)
 GET /api/auth/session 200 in 91ms (compile: 27ms, proxy.ts: 45ms, render: 18ms)
 GET /api/branches 200 in 3.0s (compile: 2.9s, proxy.ts: 46ms, render: 35ms)
 GET /api/invoices 200 in 3.0s (compile: 2.9s, proxy.ts: 47ms, render: 58ms)
 GET /api/branches 200 in 42ms (compile: 10ms, proxy.ts: 19ms, render: 12ms)
 GET / 200 in 1451ms (compile: 1203ms, proxy.ts: 200ms, render: 48ms)
 GET /api/dashboard 200 in 1356ms (compile: 1310ms, proxy.ts: 14ms, render: 32ms)
 GET /api/dashboard 200 in 22ms (compile: 5ms, proxy.ts: 6ms, render: 11ms)
 GET /api/products 200 in 1612ms (compile: 1309ms, proxy.ts: 15ms, render: 288ms)
 GET /api/products 200 in 246ms (compile: 3ms, proxy.ts: 10ms, render: 233ms)
 GET /products 200 in 1225ms (compile: 1174ms, proxy.ts: 5ms, render: 46ms)
 GET /api/products 200 in 297ms (compile: 39ms, proxy.ts: 12ms, render: 245ms)
 GET /api/products 200 in 270ms (compile: 4ms, proxy.ts: 16ms, render: 251ms)
 GET /sales 200 in 49ms (compile: 13ms, proxy.ts: 7ms, render: 29ms)
 GET /api/products 200 in 424ms (compile: 3ms, proxy.ts: 8ms, render: 412ms)
 GET /api/sales 200 in 2.1s (compile: 1974ms, proxy.ts: 9ms, render: 73ms)
 GET /api/sales 200 in 60ms (compile: 5ms, proxy.ts: 21ms, render: 34ms)
 GET /api/products 200 in 489ms (compile: 11ms, proxy.ts: 234ms, render: 244ms)
 GET /purchases 200 in 1522ms (compile: 1452ms, proxy.ts: 9ms, render: 61ms)
 GET /api/purchases 200 in 3.6s (compile: 3.5s, proxy.ts: 28ms, render: 50ms)
 GET /api/products/aliases 200 in 3.6s (compile: 3.5s, proxy.ts: 29ms, render: 55ms)
 GET /api/suppliers 200 in 3.6s (compile: 3.5s, proxy.ts: 21ms, render: 58ms)
 GET /api/purchases 200 in 32ms (compile: 6ms, proxy.ts: 13ms, render: 14ms)
 GET /api/products/aliases 200 in 35ms (compile: 9ms, proxy.ts: 13ms, render: 12ms)
 GET /api/suppliers 200 in 37ms (compile: 13ms, proxy.ts: 14ms, render: 9ms)
 GET /api/products 200 in 3.8s (compile: 3.5s, proxy.ts: 23ms, render: 283ms)
 GET /api/products 200 in 294ms (compile: 3ms, proxy.ts: 7ms, render: 284ms)
 GET /stock 200 in 1389ms (compile: 1330ms, proxy.ts: 6ms, render: 52ms)
 GET /api/products 200 in 3.7s (compile: 3.2s, proxy.ts: 10ms, render: 494ms)
 GET /api/batches 404 in 3.7s (compile: 3.5s, proxy.ts: 8ms, render: 261ms)
 GET /api/batches 404 in 114ms (compile: 22ms, proxy.ts: 14ms, render: 78ms)
 GET /api/products 200 in 318ms (compile: 14ms, proxy.ts: 13ms, render: 292ms)
 GET /finance 200 in 3.1s (compile: 3.0s, proxy.ts: 10ms, render: 65ms)
 GET /api/finance 200 in 746ms (compile: 720ms, proxy.ts: 7ms, render: 18ms)
 GET /api/finance 200 in 26ms (compile: 6ms, proxy.ts: 11ms, render: 9ms)
 GET /reports 200 in 1946ms (compile: 1880ms, proxy.ts: 8ms, render: 58ms)
 GET /api/reports 200 in 4.4s (compile: 4.1s, proxy.ts: 24ms, render: 234ms)
 GET /api/batches 404 in 4.4s (compile: 4.2s, proxy.ts: 20ms, render: 188ms)
 GET /api/reports 200 in 123ms (compile: 9ms, proxy.ts: 15ms, render: 98ms)
 GET /api/batches 404 in 128ms (compile: 16ms, proxy.ts: 16ms, render: 96ms)
 GET /api/products 200 in 4.6s (compile: 4.1s, proxy.ts: 23ms, render: 489ms)
 GET /api/products 200 in 284ms (compile: 4ms, proxy.ts: 6ms, render: 273ms)
 GET /suppliers 200 in 1871ms (compile: 1790ms, proxy.ts: 15ms, render: 67ms)
 GET /api/suppliers 200 in 831ms (compile: 795ms, proxy.ts: 10ms, render: 25ms)
 GET /api/suppliers 200 in 20ms (compile: 4ms, proxy.ts: 6ms, render: 9ms)
 GET /invoices 200 in 1618ms (compile: 1565ms, proxy.ts: 6ms, render: 46ms)
 GET /api/invoices 200 in 2.9s (compile: 2.9s, proxy.ts: 6ms, render: 40ms)
 GET /api/invoices 200 in 63ms (compile: 3ms, proxy.ts: 15ms, render: 45ms)
 GET / 200 in 1468ms (compile: 1406ms, proxy.ts: 6ms, render: 55ms)
 GET /api/dashboard 200 in 4.0s (compile: 3.9s, proxy.ts: 26ms, render: 39ms)
 GET /api/dashboard 200 in 21ms (compile: 3ms, proxy.ts: 6ms, render: 12ms)
 GET /api/products 200 in 4.3s (compile: 3.9s, proxy.ts: 27ms, render: 288ms)
 GET /api/products 200 in 274ms (compile: 4ms, proxy.ts: 8ms, render: 262ms)
 GET /api/auth/csrf 200 in 1089ms (compile: 1056ms, proxy.ts: 7ms, render: 26ms)
 POST /api/auth/signout 200 in 30ms (compile: 6ms, proxy.ts: 6ms, render: 18ms)
 GET /login 200 in 1021ms (compile: 786ms, proxy.ts: 9ms, render: 226ms)
 GET /api/auth/session 200 in 104ms (compile: 61ms, proxy.ts: 8ms, render: 35ms)
 GET /api/auth/providers 200 in 49ms (compile: 11ms, proxy.ts: 10ms, render: 29ms)
 GET /api/auth/csrf 200 in 40ms (compile: 7ms, proxy.ts: 7ms, render: 25ms)
 POST /api/auth/callback/credentials 401 in 70ms (compile: 5ms, proxy.ts: 12ms, render: 54ms)
 GET /api/auth/providers 200 in 38ms (compile: 14ms, proxy.ts: 5ms, render: 18ms)
 GET /api/auth/csrf 200 in 42ms (compile: 6ms, proxy.ts: 9ms, render: 27ms)
 POST /api/auth/callback/credentials 200 in 89ms (compile: 5ms, proxy.ts: 8ms, render: 76ms)
 GET /api/auth/session 200 in 48ms (compile: 6ms, proxy.ts: 8ms, render: 34ms)
 GET /sales 200 in 1386ms (compile: 1140ms, proxy.ts: 7ms, render: 239ms)
 GET /api/auth/session 200 in 470ms (compile: 385ms, proxy.ts: 16ms, render: 69ms)
 GET /api/products 200 in 839ms (compile: 311ms, proxy.ts: 19ms, render: 510ms)
 GET /api/sales 200 in 3.3s (compile: 3.3s, proxy.ts: 21ms, render: 27ms)
 GET /api/sales 200 in 60ms (compile: 3ms, proxy.ts: 22ms, render: 35ms)
 GET /api/products 200 in 361ms (compile: 8ms, proxy.ts: 117ms, render: 236ms)
 GET /invoices 200 in 82ms (compile: 45ms, proxy.ts: 6ms, render: 30ms)
 GET /api/invoices 200 in 978ms (compile: 947ms, proxy.ts: 8ms, render: 23ms)
 GET /api/invoices 200 in 44ms (compile: 4ms, proxy.ts: 6ms, render: 34ms)
 GET /sales 200 in 93ms (compile: 53ms, proxy.ts: 8ms, render: 31ms)
 GET /api/sales 200 in 53ms (compile: 10ms, proxy.ts: 11ms, render: 31ms)
 GET /api/sales 200 in 37ms (compile: 3ms, proxy.ts: 8ms, render: 27ms)
 GET /api/products 200 in 270ms (compile: 20ms, proxy.ts: 13ms, render: 237ms)
 GET /api/products 200 in 292ms (compile: 4ms, proxy.ts: 12ms, render: 277ms)
 GET /api/auth/session 200 in 104ms (compile: 35ms, proxy.ts: 30ms, render: 39ms)
 GET /api/auth/session 200 in 60ms (compile: 13ms, proxy.ts: 6ms, render: 41ms)
 GET /api/auth/session 200 in 49ms (compile: 14ms, proxy.ts: 6ms, render: 29ms)
 GET /api/auth/session 200 in 63ms (compile: 17ms, proxy.ts: 11ms, render: 35ms)
